<?xml version="1.0" encoding="UTF-8"?>
<!-- Generated by org.testng.reporters.JUnitReportReporter -->
<testsuite hostname="Chanti" name="ApplicationLayer.Facebook" tests="1" failures="0" timestamp="27 Feb 2020 07:45:36 GMT" time="30.633" errors="0">
  <testcase name="verifyregister" time="30.633" classname="ApplicationLayer.Facebook"/>
</testsuite> <!-- ApplicationLayer.Facebook -->
