<?xml version="1.0" encoding="UTF-8"?>
<!-- Generated by org.testng.reporters.JUnitReportReporter -->
<testsuite hostname="Chanti" name="DriverFactory.Facebook" tests="1" failures="0" timestamp="27 Feb 2020 12:15:45 GMT" time="42.556" errors="0">
  <testcase name="verifyregister" time="42.556" classname="DriverFactory.Facebook"/>
</testsuite> <!-- DriverFactory.Facebook -->
